2011/12/07 11:55:48 [error] [exception.CHttpException.404] exception 'CHttpException' with message 'Unable to resolve the request "contact".' in /home/yourstudioapp/public_html/protected/framework/web/CWebApplication.php:281
Stack trace:
#0 /home/yourstudioapp/public_html/protected/framework/web/CWebApplication.php(136): CWebApplication->runController('contact')
#1 /home/yourstudioapp/public_html/protected/framework/base/CApplication.php(158): CWebApplication->processRequest()
#2 /home/yourstudioapp/public_html/index.php(13): CApplication->run()
#3 {main} REQUEST_URI=/yourstudioapp/contact/
2011/12/07 11:55:48 [error] [exception.CHttpException.404] exception 'CHttpException' with message 'Unable to resolve the request "resources/js/screen.js".' in /home/yourstudioapp/public_html/protected/framework/web/CWebApplication.php:281
Stack trace:
#0 /home/yourstudioapp/public_html/protected/framework/web/CWebApplication.php(136): CWebApplication->runController('resources/js/sc...')
#1 /home/yourstudioapp/public_html/protected/framework/base/CApplication.php(158): CWebApplication->processRequest()
#2 /home/yourstudioapp/public_html/index.php(13): CApplication->run()
#3 {main} REQUEST_URI=/yourstudioapp/resources/js/screen.js
2011/12/07 11:55:48 [error] [exception.CHttpException.404] exception 'CHttpException' with message 'Unable to resolve the request "resources/js/plugins.js".' in /home/yourstudioapp/public_html/protected/framework/web/CWebApplication.php:281
Stack trace:
#0 /home/yourstudioapp/public_html/protected/framework/web/CWebApplication.php(136): CWebApplication->runController('resources/js/pl...')
#1 /home/yourstudioapp/public_html/protected/framework/base/CApplication.php(158): CWebApplication->processRequest()
#2 /home/yourstudioapp/public_html/index.php(13): CApplication->run()
#3 {main} REQUEST_URI=/yourstudioapp/resources/js/plugins.js
2011/12/07 11:55:49 [error] [exception.CHttpException.404] exception 'CHttpException' with message 'Unable to resolve the request "resources/css/images/bg.png".' in /home/yourstudioapp/public_html/protected/framework/web/CWebApplication.php:281
Stack trace:
#0 /home/yourstudioapp/public_html/protected/framework/web/CWebApplication.php(136): CWebApplication->runController('resources/css/i...')
#1 /home/yourstudioapp/public_html/protected/framework/base/CApplication.php(158): CWebApplication->processRequest()
#2 /home/yourstudioapp/public_html/index.php(13): CApplication->run()
#3 {main} REQUEST_URI=/yourstudioapp/resources/css/images/bg.png
2011/12/07 11:55:51 [error] [exception.CHttpException.404] exception 'CHttpException' with message 'Unable to resolve the request "resources/js/plugins.js".' in /home/yourstudioapp/public_html/protected/framework/web/CWebApplication.php:281
Stack trace:
#0 /home/yourstudioapp/public_html/protected/framework/web/CWebApplication.php(136): CWebApplication->runController('resources/js/pl...')
#1 /home/yourstudioapp/public_html/protected/framework/base/CApplication.php(158): CWebApplication->processRequest()
#2 /home/yourstudioapp/public_html/index.php(13): CApplication->run()
#3 {main} REQUEST_URI=/yourstudioapp/resources/js/plugins.js
2011/12/07 11:55:51 [error] [exception.CHttpException.404] exception 'CHttpException' with message 'Unable to resolve the request "resources/js/screen.js".' in /home/yourstudioapp/public_html/protected/framework/web/CWebApplication.php:281
Stack trace:
#0 /home/yourstudioapp/public_html/protected/framework/web/CWebApplication.php(136): CWebApplication->runController('resources/js/sc...')
#1 /home/yourstudioapp/public_html/protected/framework/base/CApplication.php(158): CWebApplication->processRequest()
#2 /home/yourstudioapp/public_html/index.php(13): CApplication->run()
#3 {main} REQUEST_URI=/yourstudioapp/resources/js/screen.js
2011/12/07 11:55:51 [error] [exception.CHttpException.404] exception 'CHttpException' with message 'Unable to resolve the request "resources/css/images/bg.png".' in /home/yourstudioapp/public_html/protected/framework/web/CWebApplication.php:281
Stack trace:
#0 /home/yourstudioapp/public_html/protected/framework/web/CWebApplication.php(136): CWebApplication->runController('resources/css/i...')
#1 /home/yourstudioapp/public_html/protected/framework/base/CApplication.php(158): CWebApplication->processRequest()
#2 /home/yourstudioapp/public_html/index.php(13): CApplication->run()
#3 {main} REQUEST_URI=/yourstudioapp/resources/css/images/bg.png
2011/12/07 11:55:53 [error] [exception.CHttpException.404] exception 'CHttpException' with message 'Unable to resolve the request "contact".' in /home/yourstudioapp/public_html/protected/framework/web/CWebApplication.php:281
Stack trace:
#0 /home/yourstudioapp/public_html/protected/framework/web/CWebApplication.php(136): CWebApplication->runController('contact')
#1 /home/yourstudioapp/public_html/protected/framework/base/CApplication.php(158): CWebApplication->processRequest()
#2 /home/yourstudioapp/public_html/index.php(13): CApplication->run()
#3 {main} REQUEST_URI=/yourstudioapp/contact/
2011/12/07 11:55:53 [error] [exception.CHttpException.404] exception 'CHttpException' with message 'Unable to resolve the request "resources/js/screen.js".' in /home/yourstudioapp/public_html/protected/framework/web/CWebApplication.php:281
Stack trace:
#0 /home/yourstudioapp/public_html/protected/framework/web/CWebApplication.php(136): CWebApplication->runController('resources/js/sc...')
#1 /home/yourstudioapp/public_html/protected/framework/base/CApplication.php(158): CWebApplication->processRequest()
#2 /home/yourstudioapp/public_html/index.php(13): CApplication->run()
#3 {main} REQUEST_URI=/yourstudioapp/resources/js/screen.js
2011/12/07 11:55:53 [error] [exception.CHttpException.404] exception 'CHttpException' with message 'Unable to resolve the request "resources/js/plugins.js".' in /home/yourstudioapp/public_html/protected/framework/web/CWebApplication.php:281
Stack trace:
#0 /home/yourstudioapp/public_html/protected/framework/web/CWebApplication.php(136): CWebApplication->runController('resources/js/pl...')
#1 /home/yourstudioapp/public_html/protected/framework/base/CApplication.php(158): CWebApplication->processRequest()
#2 /home/yourstudioapp/public_html/index.php(13): CApplication->run()
#3 {main} REQUEST_URI=/yourstudioapp/resources/js/plugins.js
2011/12/07 11:55:53 [error] [exception.CHttpException.404] exception 'CHttpException' with message 'Unable to resolve the request "resources/css/images/bg.png".' in /home/yourstudioapp/public_html/protected/framework/web/CWebApplication.php:281
Stack trace:
#0 /home/yourstudioapp/public_html/protected/framework/web/CWebApplication.php(136): CWebApplication->runController('resources/css/i...')
#1 /home/yourstudioapp/public_html/protected/framework/base/CApplication.php(158): CWebApplication->processRequest()
#2 /home/yourstudioapp/public_html/index.php(13): CApplication->run()
#3 {main} REQUEST_URI=/yourstudioapp/resources/css/images/bg.png
2011/12/07 11:55:55 [error] [exception.CHttpException.404] exception 'CHttpException' with message 'Unable to resolve the request "resources/js/plugins.js".' in /home/yourstudioapp/public_html/protected/framework/web/CWebApplication.php:281
Stack trace:
#0 /home/yourstudioapp/public_html/protected/framework/web/CWebApplication.php(136): CWebApplication->runController('resources/js/pl...')
#1 /home/yourstudioapp/public_html/protected/framework/base/CApplication.php(158): CWebApplication->processRequest()
#2 /home/yourstudioapp/public_html/index.php(13): CApplication->run()
#3 {main} REQUEST_URI=/yourstudioapp/resources/js/plugins.js
2011/12/07 11:55:55 [error] [exception.CHttpException.404] exception 'CHttpException' with message 'Unable to resolve the request "resources/js/screen.js".' in /home/yourstudioapp/public_html/protected/framework/web/CWebApplication.php:281
Stack trace:
#0 /home/yourstudioapp/public_html/protected/framework/web/CWebApplication.php(136): CWebApplication->runController('resources/js/sc...')
#1 /home/yourstudioapp/public_html/protected/framework/base/CApplication.php(158): CWebApplication->processRequest()
#2 /home/yourstudioapp/public_html/index.php(13): CApplication->run()
#3 {main} REQUEST_URI=/yourstudioapp/resources/js/screen.js
2011/12/07 11:55:55 [error] [exception.CHttpException.404] exception 'CHttpException' with message 'Unable to resolve the request "resources/css/images/bg.png".' in /home/yourstudioapp/public_html/protected/framework/web/CWebApplication.php:281
Stack trace:
#0 /home/yourstudioapp/public_html/protected/framework/web/CWebApplication.php(136): CWebApplication->runController('resources/css/i...')
#1 /home/yourstudioapp/public_html/protected/framework/base/CApplication.php(158): CWebApplication->processRequest()
#2 /home/yourstudioapp/public_html/index.php(13): CApplication->run()
#3 {main} REQUEST_URI=/yourstudioapp/resources/css/images/bg.png
2011/12/07 11:55:56 [error] [exception.CException] exception 'CException' with message 'CAssetManager.basePath "/home/yourstudioapp/public_html/assets" is invalid. Please make sure the directory exists and is writable by the Web server process.' in /home/yourstudioapp/public_html/protected/framework/web/CAssetManager.php:112
Stack trace:
#0 /home/yourstudioapp/public_html/protected/framework/web/CAssetManager.php(97): CAssetManager->setBasePath('/home/yourstudi...')
#1 /home/yourstudioapp/public_html/protected/framework/web/CAssetManager.php(207): CAssetManager->getBasePath()
#2 /home/yourstudioapp/public_html/protected/framework/web/CClientScript.php(453): CAssetManager->publish('/home/yourstudi...')
#3 /home/yourstudioapp/public_html/protected/framework/web/CClientScript.php(490): CClientScript->getCoreScriptUrl()
#4 /home/yourstudioapp/public_html/protected/framework/web/CClientScript.php(306): CClientScript->getPackageBaseUrl('jquery')
#5 /home/yourstudioapp/public_html/protected/framework/web/CClientScript.php(197): CClientScript->renderCoreScripts()
#6 /home/yourstudioapp/public_html/protected/framework/web/CController.php(343): CClientScript->render('<!DOCTYPE html>...')
#7 /home/yourstudioapp/public_html/protected/framework/web/CController.php(785): CController->processOutput('<!DOCTYPE html>...')
#8 /home/yourstudioapp/public_html/protected/controllers/AuthController.php(35): CController->render('login', Array)
#9 /home/yourstudioapp/public_html/protected/framework/web/actions/CInlineAction.php(50): AuthController->actionLogin()
#10 /home/yourstudioapp/public_html/protected/framework/web/CController.php(300): CInlineAction->runWithParams(Array)
#11 /home/yourstudioapp/public_html/protected/framework/web/CController.php(278): CController->runAction(Object(CInlineAction))
#12 /home/yourstudioapp/public_html/protected/framework/web/CController.php(257): CController->runActionWithFilters(Object(CInlineAction), Array)
#13 /home/yourstudioapp/public_html/protected/framework/web/CWebApplication.php(277): CController->run('login')
#14 /home/yourstudioapp/public_html/protected/framework/web/CWebApplication.php(136): CWebApplication->runController('auth/login')
#15 /home/yourstudioapp/public_html/protected/framework/base/CApplication.php(158): CWebApplication->processRequest()
#16 /home/yourstudioapp/public_html/index.php(13): CApplication->run()
#17 {main} REQUEST_URI=/yourstudioapp/login/
2011/12/07 11:55:57 [error] [exception.CException] exception 'CException' with message 'CAssetManager.basePath "/home/yourstudioapp/public_html/assets" is invalid. Please make sure the directory exists and is writable by the Web server process.' in /home/yourstudioapp/public_html/protected/framework/web/CAssetManager.php:112
Stack trace:
#0 /home/yourstudioapp/public_html/protected/framework/web/CAssetManager.php(97): CAssetManager->setBasePath('/home/yourstudi...')
#1 /home/yourstudioapp/public_html/protected/framework/web/CAssetManager.php(207): CAssetManager->getBasePath()
#2 /home/yourstudioapp/public_html/protected/framework/web/CClientScript.php(453): CAssetManager->publish('/home/yourstudi...')
#3 /home/yourstudioapp/public_html/protected/framework/web/CClientScript.php(490): CClientScript->getCoreScriptUrl()
#4 /home/yourstudioapp/public_html/protected/framework/web/CClientScript.php(306): CClientScript->getPackageBaseUrl('jquery')
#5 /home/yourstudioapp/public_html/protected/framework/web/CClientScript.php(197): CClientScript->renderCoreScripts()
#6 /home/yourstudioapp/public_html/protected/framework/web/CController.php(343): CClientScript->render('<!DOCTYPE html>...')
#7 /home/yourstudioapp/public_html/protected/framework/web/CController.php(785): CController->processOutput('<!DOCTYPE html>...')
#8 /home/yourstudioapp/public_html/protected/controllers/AuthController.php(35): CController->render('login', Array)
#9 /home/yourstudioapp/public_html/protected/framework/web/actions/CInlineAction.php(50): AuthController->actionLogin()
#10 /home/yourstudioapp/public_html/protected/framework/web/CController.php(300): CInlineAction->runWithParams(Array)
#11 /home/yourstudioapp/public_html/protected/framework/web/CController.php(278): CController->runAction(Object(CInlineAction))
#12 /home/yourstudioapp/public_html/protected/framework/web/CController.php(257): CController->runActionWithFilters(Object(CInlineAction), Array)
#13 /home/yourstudioapp/public_html/protected/framework/web/CWebApplication.php(277): CController->run('login')
#14 /home/yourstudioapp/public_html/protected/framework/web/CWebApplication.php(136): CWebApplication->runController('auth/login')
#15 /home/yourstudioapp/public_html/protected/framework/base/CApplication.php(158): CWebApplication->processRequest()
#16 /home/yourstudioapp/public_html/index.php(13): CApplication->run()
#17 {main} REQUEST_URI=/yourstudioapp/auth/login/
2011/12/07 11:56:33 [error] [exception.CHttpException.404] exception 'CHttpException' with message 'Unable to resolve the request "resources/js/plugins.js".' in /home/yourstudioapp/public_html/protected/framework/web/CWebApplication.php:281
Stack trace:
#0 /home/yourstudioapp/public_html/protected/framework/web/CWebApplication.php(136): CWebApplication->runController('resources/js/pl...')
#1 /home/yourstudioapp/public_html/protected/framework/base/CApplication.php(158): CWebApplication->processRequest()
#2 /home/yourstudioapp/public_html/index.php(13): CApplication->run()
#3 {main} REQUEST_URI=/yourstudioapp/resources/js/plugins.js
2011/12/07 11:56:33 [error] [exception.CHttpException.404] exception 'CHttpException' with message 'Unable to resolve the request "resources/js/screen.js".' in /home/yourstudioapp/public_html/protected/framework/web/CWebApplication.php:281
Stack trace:
#0 /home/yourstudioapp/public_html/protected/framework/web/CWebApplication.php(136): CWebApplication->runController('resources/js/sc...')
#1 /home/yourstudioapp/public_html/protected/framework/base/CApplication.php(158): CWebApplication->processRequest()
#2 /home/yourstudioapp/public_html/index.php(13): CApplication->run()
#3 {main} REQUEST_URI=/yourstudioapp/resources/js/screen.js
2011/12/07 11:56:33 [error] [exception.CHttpException.404] exception 'CHttpException' with message 'Unable to resolve the request "resources/css/images/bg.png".' in /home/yourstudioapp/public_html/protected/framework/web/CWebApplication.php:281
Stack trace:
#0 /home/yourstudioapp/public_html/protected/framework/web/CWebApplication.php(136): CWebApplication->runController('resources/css/i...')
#1 /home/yourstudioapp/public_html/protected/framework/base/CApplication.php(158): CWebApplication->processRequest()
#2 /home/yourstudioapp/public_html/index.php(13): CApplication->run()
#3 {main} REQUEST_URI=/yourstudioapp/resources/css/images/bg.png
2011/12/07 11:56:36 [error] [exception.CHttpException.404] exception 'CHttpException' with message 'Unable to resolve the request "resources/js/plugins.js".' in /home/yourstudioapp/public_html/protected/framework/web/CWebApplication.php:281
Stack trace:
#0 /home/yourstudioapp/public_html/protected/framework/web/CWebApplication.php(136): CWebApplication->runController('resources/js/pl...')
#1 /home/yourstudioapp/public_html/protected/framework/base/CApplication.php(158): CWebApplication->processRequest()
#2 /home/yourstudioapp/public_html/index.php(13): CApplication->run()
#3 {main} REQUEST_URI=/yourstudioapp/resources/js/plugins.js
2011/12/07 11:56:36 [error] [exception.CHttpException.404] exception 'CHttpException' with message 'Unable to resolve the request "resources/js/screen.js".' in /home/yourstudioapp/public_html/protected/framework/web/CWebApplication.php:281
Stack trace:
#0 /home/yourstudioapp/public_html/protected/framework/web/CWebApplication.php(136): CWebApplication->runController('resources/js/sc...')
#1 /home/yourstudioapp/public_html/protected/framework/base/CApplication.php(158): CWebApplication->processRequest()
#2 /home/yourstudioapp/public_html/index.php(13): CApplication->run()
#3 {main} REQUEST_URI=/yourstudioapp/resources/js/screen.js
2011/12/07 11:56:36 [error] [exception.CHttpException.404] exception 'CHttpException' with message 'Unable to resolve the request "resources/css/images/bg.png".' in /home/yourstudioapp/public_html/protected/framework/web/CWebApplication.php:281
Stack trace:
#0 /home/yourstudioapp/public_html/protected/framework/web/CWebApplication.php(136): CWebApplication->runController('resources/css/i...')
#1 /home/yourstudioapp/public_html/protected/framework/base/CApplication.php(158): CWebApplication->processRequest()
#2 /home/yourstudioapp/public_html/index.php(13): CApplication->run()
#3 {main} REQUEST_URI=/yourstudioapp/resources/css/images/bg.png
2011/12/07 11:56:40 [error] [exception.CHttpException.404] exception 'CHttpException' with message 'Unable to resolve the request "resources/js/plugins.js".' in /home/yourstudioapp/public_html/protected/framework/web/CWebApplication.php:281
Stack trace:
#0 /home/yourstudioapp/public_html/protected/framework/web/CWebApplication.php(136): CWebApplication->runController('resources/js/pl...')
#1 /home/yourstudioapp/public_html/protected/framework/base/CApplication.php(158): CWebApplication->processRequest()
#2 /home/yourstudioapp/public_html/index.php(13): CApplication->run()
#3 {main} REQUEST_URI=/yourstudioapp/resources/js/plugins.js
2011/12/07 11:56:40 [error] [exception.CHttpException.404] exception 'CHttpException' with message 'Unable to resolve the request "resources/js/screen.js".' in /home/yourstudioapp/public_html/protected/framework/web/CWebApplication.php:281
Stack trace:
#0 /home/yourstudioapp/public_html/protected/framework/web/CWebApplication.php(136): CWebApplication->runController('resources/js/sc...')
#1 /home/yourstudioapp/public_html/protected/framework/base/CApplication.php(158): CWebApplication->processRequest()
#2 /home/yourstudioapp/public_html/index.php(13): CApplication->run()
#3 {main} REQUEST_URI=/yourstudioapp/resources/js/screen.js
2011/12/07 11:56:40 [error] [exception.CHttpException.404] exception 'CHttpException' with message 'Unable to resolve the request "resources/css/images/bg.png".' in /home/yourstudioapp/public_html/protected/framework/web/CWebApplication.php:281
Stack trace:
#0 /home/yourstudioapp/public_html/protected/framework/web/CWebApplication.php(136): CWebApplication->runController('resources/css/i...')
#1 /home/yourstudioapp/public_html/protected/framework/base/CApplication.php(158): CWebApplication->processRequest()
#2 /home/yourstudioapp/public_html/index.php(13): CApplication->run()
#3 {main} REQUEST_URI=/yourstudioapp/resources/css/images/bg.png
2011/12/07 11:57:00 [error] [exception.CHttpException.404] exception 'CHttpException' with message 'The system is unable to find the requested action "index".' in /home/yourstudioapp/public_html/protected/framework/web/CController.php:477
Stack trace:
#0 /home/yourstudioapp/public_html/protected/framework/web/CController.php(262): CController->missingAction('')
#1 /home/yourstudioapp/public_html/protected/framework/web/CWebApplication.php(277): CController->run('')
#2 /home/yourstudioapp/public_html/protected/framework/web/CWebApplication.php(136): CWebApplication->runController('api/studio')
#3 /home/yourstudioapp/public_html/protected/framework/base/CApplication.php(158): CWebApplication->processRequest()
#4 /home/yourstudioapp/public_html/index.php(13): CApplication->run()
#5 {main} REQUEST_URI=/yourstudioapp/api/studio/
2011/12/07 11:57:00 [error] [exception.CHttpException.404] exception 'CHttpException' with message 'Unable to resolve the request "resources/js/plugins.js".' in /home/yourstudioapp/public_html/protected/framework/web/CWebApplication.php:281
Stack trace:
#0 /home/yourstudioapp/public_html/protected/framework/web/CWebApplication.php(136): CWebApplication->runController('resources/js/pl...')
#1 /home/yourstudioapp/public_html/protected/framework/base/CApplication.php(158): CWebApplication->processRequest()
#2 /home/yourstudioapp/public_html/index.php(13): CApplication->run()
#3 {main} REQUEST_URI=/yourstudioapp/resources/js/plugins.js
2011/12/07 11:57:00 [error] [exception.CHttpException.404] exception 'CHttpException' with message 'Unable to resolve the request "resources/js/screen.js".' in /home/yourstudioapp/public_html/protected/framework/web/CWebApplication.php:281
Stack trace:
#0 /home/yourstudioapp/public_html/protected/framework/web/CWebApplication.php(136): CWebApplication->runController('resources/js/sc...')
#1 /home/yourstudioapp/public_html/protected/framework/base/CApplication.php(158): CWebApplication->processRequest()
#2 /home/yourstudioapp/public_html/index.php(13): CApplication->run()
#3 {main} REQUEST_URI=/yourstudioapp/resources/js/screen.js
2011/12/07 11:57:00 [error] [exception.CHttpException.404] exception 'CHttpException' with message 'Unable to resolve the request "resources/css/images/bg.png".' in /home/yourstudioapp/public_html/protected/framework/web/CWebApplication.php:281
Stack trace:
#0 /home/yourstudioapp/public_html/protected/framework/web/CWebApplication.php(136): CWebApplication->runController('resources/css/i...')
#1 /home/yourstudioapp/public_html/protected/framework/base/CApplication.php(158): CWebApplication->processRequest()
#2 /home/yourstudioapp/public_html/index.php(13): CApplication->run()
#3 {main} REQUEST_URI=/yourstudioapp/resources/css/images/bg.png
2011/12/07 12:03:31 [error] [exception.CHttpException.404] exception 'CHttpException' with message 'Unable to resolve the request "resources/js/plugins.js".' in /home/yourstudioapp/public_html/protected/framework/web/CWebApplication.php:281
Stack trace:
#0 /home/yourstudioapp/public_html/protected/framework/web/CWebApplication.php(136): CWebApplication->runController('resources/js/pl...')
#1 /home/yourstudioapp/public_html/protected/framework/base/CApplication.php(158): CWebApplication->processRequest()
#2 /home/yourstudioapp/public_html/index.php(13): CApplication->run()
#3 {main} REQUEST_URI=/yourstudioapp/resources/js/plugins.js
2011/12/07 12:03:31 [error] [exception.CHttpException.404] exception 'CHttpException' with message 'Unable to resolve the request "resources/js/screen.js".' in /home/yourstudioapp/public_html/protected/framework/web/CWebApplication.php:281
Stack trace:
#0 /home/yourstudioapp/public_html/protected/framework/web/CWebApplication.php(136): CWebApplication->runController('resources/js/sc...')
#1 /home/yourstudioapp/public_html/protected/framework/base/CApplication.php(158): CWebApplication->processRequest()
#2 /home/yourstudioapp/public_html/index.php(13): CApplication->run()
#3 {main} REQUEST_URI=/yourstudioapp/resources/js/screen.js
2011/12/07 12:03:31 [error] [exception.CHttpException.404] exception 'CHttpException' with message 'Unable to resolve the request "resources/css/images/bg.png".' in /home/yourstudioapp/public_html/protected/framework/web/CWebApplication.php:281
Stack trace:
#0 /home/yourstudioapp/public_html/protected/framework/web/CWebApplication.php(136): CWebApplication->runController('resources/css/i...')
#1 /home/yourstudioapp/public_html/protected/framework/base/CApplication.php(158): CWebApplication->processRequest()
#2 /home/yourstudioapp/public_html/index.php(13): CApplication->run()
#3 {main} REQUEST_URI=/yourstudioapp/resources/css/images/bg.png
2011/12/07 12:03:33 [error] [exception.CHttpException.404] exception 'CHttpException' with message 'Unable to resolve the request "resources/js/plugins.js".' in /home/yourstudioapp/public_html/protected/framework/web/CWebApplication.php:281
Stack trace:
#0 /home/yourstudioapp/public_html/protected/framework/web/CWebApplication.php(136): CWebApplication->runController('resources/js/pl...')
#1 /home/yourstudioapp/public_html/protected/framework/base/CApplication.php(158): CWebApplication->processRequest()
#2 /home/yourstudioapp/public_html/index.php(13): CApplication->run()
#3 {main} REQUEST_URI=/yourstudioapp/resources/js/plugins.js
2011/12/07 12:03:33 [error] [exception.CHttpException.404] exception 'CHttpException' with message 'Unable to resolve the request "resources/js/screen.js".' in /home/yourstudioapp/public_html/protected/framework/web/CWebApplication.php:281
Stack trace:
#0 /home/yourstudioapp/public_html/protected/framework/web/CWebApplication.php(136): CWebApplication->runController('resources/js/sc...')
#1 /home/yourstudioapp/public_html/protected/framework/base/CApplication.php(158): CWebApplication->processRequest()
#2 /home/yourstudioapp/public_html/index.php(13): CApplication->run()
#3 {main} REQUEST_URI=/yourstudioapp/resources/js/screen.js
2011/12/07 12:03:33 [error] [exception.CHttpException.404] exception 'CHttpException' with message 'Unable to resolve the request "resources/css/images/bg.png".' in /home/yourstudioapp/public_html/protected/framework/web/CWebApplication.php:281
Stack trace:
#0 /home/yourstudioapp/public_html/protected/framework/web/CWebApplication.php(136): CWebApplication->runController('resources/css/i...')
#1 /home/yourstudioapp/public_html/protected/framework/base/CApplication.php(158): CWebApplication->processRequest()
#2 /home/yourstudioapp/public_html/index.php(13): CApplication->run()
#3 {main} REQUEST_URI=/yourstudioapp/resources/css/images/bg.png
2011/12/07 12:03:45 [error] [php] Undefined variable: identity (/home/yourstudioapp/public_html/protected/models/LoginForm.php:89)
Stack trace:
#0 /home/yourstudioapp/public_html/protected/framework/web/CController.php(300): CInlineAction->runWithParams()
#1 /home/yourstudioapp/public_html/protected/framework/web/CController.php(278): AuthController->runAction()
#2 /home/yourstudioapp/public_html/protected/framework/web/CController.php(257): AuthController->runActionWithFilters()
#3 /home/yourstudioapp/public_html/protected/framework/web/CWebApplication.php(277): AuthController->run()
#4 /home/yourstudioapp/public_html/protected/framework/web/CWebApplication.php(136): CWebApplication->runController()
#5 /home/yourstudioapp/public_html/protected/framework/base/CApplication.php(158): CWebApplication->processRequest()
#6 /home/yourstudioapp/public_html/index.php(13): CWebApplication->run()
REQUEST_URI=/yourstudioapp/login/
in /home/yourstudioapp/public_html/protected/models/LoginForm.php (89)
in /home/yourstudioapp/public_html/protected/controllers/AuthController.php (25)
in /home/yourstudioapp/public_html/index.php (13)
2011/12/07 12:04:57 [error] [exception.CHttpException.404] exception 'CHttpException' with message 'Unable to resolve the request "resources/js/plugins.js".' in /home/yourstudioapp/public_html/protected/framework/web/CWebApplication.php:281
Stack trace:
#0 /home/yourstudioapp/public_html/protected/framework/web/CWebApplication.php(136): CWebApplication->runController('resources/js/pl...')
#1 /home/yourstudioapp/public_html/protected/framework/base/CApplication.php(158): CWebApplication->processRequest()
#2 /home/yourstudioapp/public_html/index.php(13): CApplication->run()
#3 {main} REQUEST_URI=/yourstudioapp/resources/js/plugins.js
2011/12/07 12:04:57 [error] [exception.CHttpException.404] exception 'CHttpException' with message 'Unable to resolve the request "resources/js/screen.js".' in /home/yourstudioapp/public_html/protected/framework/web/CWebApplication.php:281
Stack trace:
#0 /home/yourstudioapp/public_html/protected/framework/web/CWebApplication.php(136): CWebApplication->runController('resources/js/sc...')
#1 /home/yourstudioapp/public_html/protected/framework/base/CApplication.php(158): CWebApplication->processRequest()
#2 /home/yourstudioapp/public_html/index.php(13): CApplication->run()
#3 {main} REQUEST_URI=/yourstudioapp/resources/js/screen.js
2011/12/07 12:04:57 [error] [exception.CHttpException.404] exception 'CHttpException' with message 'Unable to resolve the request "resources/js/plugins.js".' in /home/yourstudioapp/public_html/protected/framework/web/CWebApplication.php:281
Stack trace:
#0 /home/yourstudioapp/public_html/protected/framework/web/CWebApplication.php(136): CWebApplication->runController('resources/js/pl...')
#1 /home/yourstudioapp/public_html/protected/framework/base/CApplication.php(158): CWebApplication->processRequest()
#2 /home/yourstudioapp/public_html/index.php(13): CApplication->run()
#3 {main} REQUEST_URI=/yourstudioapp/resources/js/plugins.js
2011/12/07 12:04:57 [error] [exception.CHttpException.404] exception 'CHttpException' with message 'Unable to resolve the request "resources/js/screen.js".' in /home/yourstudioapp/public_html/protected/framework/web/CWebApplication.php:281
Stack trace:
#0 /home/yourstudioapp/public_html/protected/framework/web/CWebApplication.php(136): CWebApplication->runController('resources/js/sc...')
#1 /home/yourstudioapp/public_html/protected/framework/base/CApplication.php(158): CWebApplication->processRequest()
#2 /home/yourstudioapp/public_html/index.php(13): CApplication->run()
#3 {main} REQUEST_URI=/yourstudioapp/resources/js/screen.js
2011/12/07 12:04:57 [error] [exception.CHttpException.404] exception 'CHttpException' with message 'Unable to resolve the request "resources/css/images/bg.png".' in /home/yourstudioapp/public_html/protected/framework/web/CWebApplication.php:281
Stack trace:
#0 /home/yourstudioapp/public_html/protected/framework/web/CWebApplication.php(136): CWebApplication->runController('resources/css/i...')
#1 /home/yourstudioapp/public_html/protected/framework/base/CApplication.php(158): CWebApplication->processRequest()
#2 /home/yourstudioapp/public_html/index.php(13): CApplication->run()
#3 {main} REQUEST_URI=/yourstudioapp/resources/css/images/bg.png
2011/12/07 12:04:59 [error] [exception.CHttpException.404] exception 'CHttpException' with message 'Unable to resolve the request "resources/js/plugins.js".' in /home/yourstudioapp/public_html/protected/framework/web/CWebApplication.php:281
Stack trace:
#0 /home/yourstudioapp/public_html/protected/framework/web/CWebApplication.php(136): CWebApplication->runController('resources/js/pl...')
#1 /home/yourstudioapp/public_html/protected/framework/base/CApplication.php(158): CWebApplication->processRequest()
#2 /home/yourstudioapp/public_html/index.php(13): CApplication->run()
#3 {main} REQUEST_URI=/yourstudioapp/resources/js/plugins.js
2011/12/07 12:04:59 [error] [exception.CHttpException.404] exception 'CHttpException' with message 'Unable to resolve the request "resources/js/screen.js".' in /home/yourstudioapp/public_html/protected/framework/web/CWebApplication.php:281
Stack trace:
#0 /home/yourstudioapp/public_html/protected/framework/web/CWebApplication.php(136): CWebApplication->runController('resources/js/sc...')
#1 /home/yourstudioapp/public_html/protected/framework/base/CApplication.php(158): CWebApplication->processRequest()
#2 /home/yourstudioapp/public_html/index.php(13): CApplication->run()
#3 {main} REQUEST_URI=/yourstudioapp/resources/js/screen.js
2011/12/07 12:04:59 [error] [exception.CHttpException.404] exception 'CHttpException' with message 'Unable to resolve the request "resources/js/plugins.js".' in /home/yourstudioapp/public_html/protected/framework/web/CWebApplication.php:281
Stack trace:
#0 /home/yourstudioapp/public_html/protected/framework/web/CWebApplication.php(136): CWebApplication->runController('resources/js/pl...')
#1 /home/yourstudioapp/public_html/protected/framework/base/CApplication.php(158): CWebApplication->processRequest()
#2 /home/yourstudioapp/public_html/index.php(13): CApplication->run()
#3 {main} REQUEST_URI=/yourstudioapp/resources/js/plugins.js
2011/12/07 12:04:59 [error] [exception.CHttpException.404] exception 'CHttpException' with message 'Unable to resolve the request "resources/js/screen.js".' in /home/yourstudioapp/public_html/protected/framework/web/CWebApplication.php:281
Stack trace:
#0 /home/yourstudioapp/public_html/protected/framework/web/CWebApplication.php(136): CWebApplication->runController('resources/js/sc...')
#1 /home/yourstudioapp/public_html/protected/framework/base/CApplication.php(158): CWebApplication->processRequest()
#2 /home/yourstudioapp/public_html/index.php(13): CApplication->run()
#3 {main} REQUEST_URI=/yourstudioapp/resources/js/screen.js
2011/12/07 12:04:59 [error] [exception.CHttpException.404] exception 'CHttpException' with message 'Unable to resolve the request "resources/css/images/bg.png".' in /home/yourstudioapp/public_html/protected/framework/web/CWebApplication.php:281
Stack trace:
#0 /home/yourstudioapp/public_html/protected/framework/web/CWebApplication.php(136): CWebApplication->runController('resources/css/i...')
#1 /home/yourstudioapp/public_html/protected/framework/base/CApplication.php(158): CWebApplication->processRequest()
#2 /home/yourstudioapp/public_html/index.php(13): CApplication->run()
#3 {main} REQUEST_URI=/yourstudioapp/resources/css/images/bg.png
2011/12/07 12:05:07 [error] [php] Undefined variable: identity (/home/yourstudioapp/public_html/protected/models/LoginForm.php:89)
Stack trace:
#0 /home/yourstudioapp/public_html/protected/framework/web/CController.php(300): CInlineAction->runWithParams()
#1 /home/yourstudioapp/public_html/protected/framework/web/CController.php(278): AuthController->runAction()
#2 /home/yourstudioapp/public_html/protected/framework/web/CController.php(257): AuthController->runActionWithFilters()
#3 /home/yourstudioapp/public_html/protected/framework/web/CWebApplication.php(277): AuthController->run()
#4 /home/yourstudioapp/public_html/protected/framework/web/CWebApplication.php(136): CWebApplication->runController()
#5 /home/yourstudioapp/public_html/protected/framework/base/CApplication.php(158): CWebApplication->processRequest()
#6 /home/yourstudioapp/public_html/index.php(13): CWebApplication->run()
REQUEST_URI=/yourstudioapp/login/
in /home/yourstudioapp/public_html/protected/models/LoginForm.php (89)
in /home/yourstudioapp/public_html/protected/controllers/AuthController.php (25)
in /home/yourstudioapp/public_html/index.php (13)
2011/12/07 12:05:24 [error] [exception.CHttpException.404] exception 'CHttpException' with message 'Unable to resolve the request "resources/js/screen.js".' in /home/yourstudioapp/public_html/protected/framework/web/CWebApplication.php:281
Stack trace:
#0 /home/yourstudioapp/public_html/protected/framework/web/CWebApplication.php(136): CWebApplication->runController('resources/js/sc...')
#1 /home/yourstudioapp/public_html/protected/framework/base/CApplication.php(158): CWebApplication->processRequest()
#2 /home/yourstudioapp/public_html/index.php(13): CApplication->run()
#3 {main} REQUEST_URI=/yourstudioapp/resources/js/screen.js
2011/12/07 12:05:24 [error] [exception.CHttpException.404] exception 'CHttpException' with message 'Unable to resolve the request "resources/js/plugins.js".' in /home/yourstudioapp/public_html/protected/framework/web/CWebApplication.php:281
Stack trace:
#0 /home/yourstudioapp/public_html/protected/framework/web/CWebApplication.php(136): CWebApplication->runController('resources/js/pl...')
#1 /home/yourstudioapp/public_html/protected/framework/base/CApplication.php(158): CWebApplication->processRequest()
#2 /home/yourstudioapp/public_html/index.php(13): CApplication->run()
#3 {main} REQUEST_URI=/yourstudioapp/resources/js/plugins.js
2011/12/07 12:05:24 [error] [exception.CHttpException.404] exception 'CHttpException' with message 'Unable to resolve the request "resources/css/images/bg.png".' in /home/yourstudioapp/public_html/protected/framework/web/CWebApplication.php:281
Stack trace:
#0 /home/yourstudioapp/public_html/protected/framework/web/CWebApplication.php(136): CWebApplication->runController('resources/css/i...')
#1 /home/yourstudioapp/public_html/protected/framework/base/CApplication.php(158): CWebApplication->processRequest()
#2 /home/yourstudioapp/public_html/index.php(13): CApplication->run()
#3 {main} REQUEST_URI=/yourstudioapp/resources/css/images/bg.png
2011/12/07 12:06:40 [error] [exception.CHttpException.404] exception 'CHttpException' with message 'Unable to resolve the request "resources/js/screen.js".' in /home/yourstudioapp/public_html/protected/framework/web/CWebApplication.php:281
Stack trace:
#0 /home/yourstudioapp/public_html/protected/framework/web/CWebApplication.php(136): CWebApplication->runController('resources/js/sc...')
#1 /home/yourstudioapp/public_html/protected/framework/base/CApplication.php(158): CWebApplication->processRequest()
#2 /home/yourstudioapp/public_html/index.php(13): CApplication->run()
#3 {main} REQUEST_URI=/yourstudioapp/resources/js/screen.js
2011/12/07 12:06:40 [error] [exception.CHttpException.404] exception 'CHttpException' with message 'Unable to resolve the request "resources/js/plugins.js".' in /home/yourstudioapp/public_html/protected/framework/web/CWebApplication.php:281
Stack trace:
#0 /home/yourstudioapp/public_html/protected/framework/web/CWebApplication.php(136): CWebApplication->runController('resources/js/pl...')
#1 /home/yourstudioapp/public_html/protected/framework/base/CApplication.php(158): CWebApplication->processRequest()
#2 /home/yourstudioapp/public_html/index.php(13): CApplication->run()
#3 {main} REQUEST_URI=/yourstudioapp/resources/js/plugins.js
2011/12/07 12:06:40 [error] [exception.CHttpException.404] exception 'CHttpException' with message 'Unable to resolve the request "resources/css/images/bg.png".' in /home/yourstudioapp/public_html/protected/framework/web/CWebApplication.php:281
Stack trace:
#0 /home/yourstudioapp/public_html/protected/framework/web/CWebApplication.php(136): CWebApplication->runController('resources/css/i...')
#1 /home/yourstudioapp/public_html/protected/framework/base/CApplication.php(158): CWebApplication->processRequest()
#2 /home/yourstudioapp/public_html/index.php(13): CApplication->run()
#3 {main} REQUEST_URI=/yourstudioapp/resources/css/images/bg.png
2011/12/07 12:07:08 [error] [exception.CHttpException.404] exception 'CHttpException' with message 'Unable to resolve the request "resources/js/plugins.js".' in /home/yourstudioapp/public_html/protected/framework/web/CWebApplication.php:281
Stack trace:
#0 /home/yourstudioapp/public_html/protected/framework/web/CWebApplication.php(136): CWebApplication->runController('resources/js/pl...')
#1 /home/yourstudioapp/public_html/protected/framework/base/CApplication.php(158): CWebApplication->processRequest()
#2 /home/yourstudioapp/public_html/index.php(13): CApplication->run()
#3 {main} REQUEST_URI=/yourstudioapp/resources/js/plugins.js
2011/12/07 12:07:08 [error] [exception.CHttpException.404] exception 'CHttpException' with message 'Unable to resolve the request "resources/js/screen.js".' in /home/yourstudioapp/public_html/protected/framework/web/CWebApplication.php:281
Stack trace:
#0 /home/yourstudioapp/public_html/protected/framework/web/CWebApplication.php(136): CWebApplication->runController('resources/js/sc...')
#1 /home/yourstudioapp/public_html/protected/framework/base/CApplication.php(158): CWebApplication->processRequest()
#2 /home/yourstudioapp/public_html/index.php(13): CApplication->run()
#3 {main} REQUEST_URI=/yourstudioapp/resources/js/screen.js
2011/12/07 12:07:08 [error] [exception.CHttpException.404] exception 'CHttpException' with message 'Unable to resolve the request "resources/css/images/bg.png".' in /home/yourstudioapp/public_html/protected/framework/web/CWebApplication.php:281
Stack trace:
#0 /home/yourstudioapp/public_html/protected/framework/web/CWebApplication.php(136): CWebApplication->runController('resources/css/i...')
#1 /home/yourstudioapp/public_html/protected/framework/base/CApplication.php(158): CWebApplication->processRequest()
#2 /home/yourstudioapp/public_html/index.php(13): CApplication->run()
#3 {main} REQUEST_URI=/yourstudioapp/resources/css/images/bg.png
2011/12/07 12:07:10 [error] [exception.CHttpException.404] exception 'CHttpException' with message 'Unable to resolve the request "resources/js/plugins.js".' in /home/yourstudioapp/public_html/protected/framework/web/CWebApplication.php:281
Stack trace:
#0 /home/yourstudioapp/public_html/protected/framework/web/CWebApplication.php(136): CWebApplication->runController('resources/js/pl...')
#1 /home/yourstudioapp/public_html/protected/framework/base/CApplication.php(158): CWebApplication->processRequest()
#2 /home/yourstudioapp/public_html/index.php(13): CApplication->run()
#3 {main} REQUEST_URI=/yourstudioapp/resources/js/plugins.js
2011/12/07 12:07:10 [error] [exception.CHttpException.404] exception 'CHttpException' with message 'Unable to resolve the request "resources/js/screen.js".' in /home/yourstudioapp/public_html/protected/framework/web/CWebApplication.php:281
Stack trace:
#0 /home/yourstudioapp/public_html/protected/framework/web/CWebApplication.php(136): CWebApplication->runController('resources/js/sc...')
#1 /home/yourstudioapp/public_html/protected/framework/base/CApplication.php(158): CWebApplication->processRequest()
#2 /home/yourstudioapp/public_html/index.php(13): CApplication->run()
#3 {main} REQUEST_URI=/yourstudioapp/resources/js/screen.js
2011/12/07 12:07:11 [error] [exception.CHttpException.404] exception 'CHttpException' with message 'Unable to resolve the request "resources/css/images/bg.png".' in /home/yourstudioapp/public_html/protected/framework/web/CWebApplication.php:281
Stack trace:
#0 /home/yourstudioapp/public_html/protected/framework/web/CWebApplication.php(136): CWebApplication->runController('resources/css/i...')
#1 /home/yourstudioapp/public_html/protected/framework/base/CApplication.php(158): CWebApplication->processRequest()
#2 /home/yourstudioapp/public_html/index.php(13): CApplication->run()
#3 {main} REQUEST_URI=/yourstudioapp/resources/css/images/bg.png
2011/12/07 12:07:12 [error] [exception.CHttpException.404] exception 'CHttpException' with message 'Unable to resolve the request "resources/js/plugins.js".' in /home/yourstudioapp/public_html/protected/framework/web/CWebApplication.php:281
Stack trace:
#0 /home/yourstudioapp/public_html/protected/framework/web/CWebApplication.php(136): CWebApplication->runController('resources/js/pl...')
#1 /home/yourstudioapp/public_html/protected/framework/base/CApplication.php(158): CWebApplication->processRequest()
#2 /home/yourstudioapp/public_html/index.php(13): CApplication->run()
#3 {main} REQUEST_URI=/yourstudioapp/resources/js/plugins.js
2011/12/07 12:07:12 [error] [exception.CHttpException.404] exception 'CHttpException' with message 'Unable to resolve the request "resources/js/screen.js".' in /home/yourstudioapp/public_html/protected/framework/web/CWebApplication.php:281
Stack trace:
#0 /home/yourstudioapp/public_html/protected/framework/web/CWebApplication.php(136): CWebApplication->runController('resources/js/sc...')
#1 /home/yourstudioapp/public_html/protected/framework/base/CApplication.php(158): CWebApplication->processRequest()
#2 /home/yourstudioapp/public_html/index.php(13): CApplication->run()
#3 {main} REQUEST_URI=/yourstudioapp/resources/js/screen.js
2011/12/07 12:07:12 [error] [exception.CHttpException.404] exception 'CHttpException' with message 'Unable to resolve the request "resources/css/images/bg.png".' in /home/yourstudioapp/public_html/protected/framework/web/CWebApplication.php:281
Stack trace:
#0 /home/yourstudioapp/public_html/protected/framework/web/CWebApplication.php(136): CWebApplication->runController('resources/css/i...')
#1 /home/yourstudioapp/public_html/protected/framework/base/CApplication.php(158): CWebApplication->processRequest()
#2 /home/yourstudioapp/public_html/index.php(13): CApplication->run()
#3 {main} REQUEST_URI=/yourstudioapp/resources/css/images/bg.png
2011/12/07 12:07:17 [error] [exception.CHttpException.404] exception 'CHttpException' with message 'Unable to resolve the request "resources/js/plugins.js".' in /home/yourstudioapp/public_html/protected/framework/web/CWebApplication.php:281
Stack trace:
#0 /home/yourstudioapp/public_html/protected/framework/web/CWebApplication.php(136): CWebApplication->runController('resources/js/pl...')
#1 /home/yourstudioapp/public_html/protected/framework/base/CApplication.php(158): CWebApplication->processRequest()
#2 /home/yourstudioapp/public_html/index.php(13): CApplication->run()
#3 {main} REQUEST_URI=/yourstudioapp/resources/js/plugins.js
2011/12/07 12:07:17 [error] [exception.CHttpException.404] exception 'CHttpException' with message 'Unable to resolve the request "resources/js/screen.js".' in /home/yourstudioapp/public_html/protected/framework/web/CWebApplication.php:281
Stack trace:
#0 /home/yourstudioapp/public_html/protected/framework/web/CWebApplication.php(136): CWebApplication->runController('resources/js/sc...')
#1 /home/yourstudioapp/public_html/protected/framework/base/CApplication.php(158): CWebApplication->processRequest()
#2 /home/yourstudioapp/public_html/index.php(13): CApplication->run()
#3 {main} REQUEST_URI=/yourstudioapp/resources/js/screen.js
2011/12/07 12:07:17 [error] [exception.CHttpException.404] exception 'CHttpException' with message 'Unable to resolve the request "resources/css/images/bg.png".' in /home/yourstudioapp/public_html/protected/framework/web/CWebApplication.php:281
Stack trace:
#0 /home/yourstudioapp/public_html/protected/framework/web/CWebApplication.php(136): CWebApplication->runController('resources/css/i...')
#1 /home/yourstudioapp/public_html/protected/framework/base/CApplication.php(158): CWebApplication->processRequest()
#2 /home/yourstudioapp/public_html/index.php(13): CApplication->run()
#3 {main} REQUEST_URI=/yourstudioapp/resources/css/images/bg.png
2011/12/07 12:07:18 [error] [exception.CHttpException.404] exception 'CHttpException' with message 'Unable to resolve the request "resources/js/plugins.js".' in /home/yourstudioapp/public_html/protected/framework/web/CWebApplication.php:281
Stack trace:
#0 /home/yourstudioapp/public_html/protected/framework/web/CWebApplication.php(136): CWebApplication->runController('resources/js/pl...')
#1 /home/yourstudioapp/public_html/protected/framework/base/CApplication.php(158): CWebApplication->processRequest()
#2 /home/yourstudioapp/public_html/index.php(13): CApplication->run()
#3 {main} REQUEST_URI=/yourstudioapp/resources/js/plugins.js
2011/12/07 12:07:18 [error] [exception.CHttpException.404] exception 'CHttpException' with message 'Unable to resolve the request "resources/js/screen.js".' in /home/yourstudioapp/public_html/protected/framework/web/CWebApplication.php:281
Stack trace:
#0 /home/yourstudioapp/public_html/protected/framework/web/CWebApplication.php(136): CWebApplication->runController('resources/js/sc...')
#1 /home/yourstudioapp/public_html/protected/framework/base/CApplication.php(158): CWebApplication->processRequest()
#2 /home/yourstudioapp/public_html/index.php(13): CApplication->run()
#3 {main} REQUEST_URI=/yourstudioapp/resources/js/screen.js
2011/12/07 12:07:18 [error] [exception.CHttpException.404] exception 'CHttpException' with message 'Unable to resolve the request "resources/js/plugins.js".' in /home/yourstudioapp/public_html/protected/framework/web/CWebApplication.php:281
Stack trace:
#0 /home/yourstudioapp/public_html/protected/framework/web/CWebApplication.php(136): CWebApplication->runController('resources/js/pl...')
#1 /home/yourstudioapp/public_html/protected/framework/base/CApplication.php(158): CWebApplication->processRequest()
#2 /home/yourstudioapp/public_html/index.php(13): CApplication->run()
#3 {main} REQUEST_URI=/yourstudioapp/resources/js/plugins.js
2011/12/07 12:07:19 [error] [exception.CHttpException.404] exception 'CHttpException' with message 'Unable to resolve the request "resources/js/screen.js".' in /home/yourstudioapp/public_html/protected/framework/web/CWebApplication.php:281
Stack trace:
#0 /home/yourstudioapp/public_html/protected/framework/web/CWebApplication.php(136): CWebApplication->runController('resources/js/sc...')
#1 /home/yourstudioapp/public_html/protected/framework/base/CApplication.php(158): CWebApplication->processRequest()
#2 /home/yourstudioapp/public_html/index.php(13): CApplication->run()
#3 {main} REQUEST_URI=/yourstudioapp/resources/js/screen.js
2011/12/07 12:07:19 [error] [exception.CHttpException.404] exception 'CHttpException' with message 'Unable to resolve the request "resources/css/images/bg.png".' in /home/yourstudioapp/public_html/protected/framework/web/CWebApplication.php:281
Stack trace:
#0 /home/yourstudioapp/public_html/protected/framework/web/CWebApplication.php(136): CWebApplication->runController('resources/css/i...')
#1 /home/yourstudioapp/public_html/protected/framework/base/CApplication.php(158): CWebApplication->processRequest()
#2 /home/yourstudioapp/public_html/index.php(13): CApplication->run()
#3 {main} REQUEST_URI=/yourstudioapp/resources/css/images/bg.png
2011/12/07 12:07:29 [error] [php] Undefined variable: entry (/home/yourstudioapp/public_html/protected/modules/admin/views/settings/index.php:19)
Stack trace:
#0 /home/yourstudioapp/public_html/protected/framework/web/CController.php(866): SettingsController->renderFile()
#1 /home/yourstudioapp/public_html/protected/framework/web/CController.php(779): SettingsController->renderPartial()
#2 /home/yourstudioapp/public_html/protected/modules/admin/controllers/SettingsController.php(106): SettingsController->render()
#3 unknown(0): SettingsController->actionIndex()
#4 /home/yourstudioapp/public_html/protected/framework/web/actions/CAction.php(104): ReflectionMethod->invokeArgs()
#5 /home/yourstudioapp/public_html/protected/framework/web/actions/CInlineAction.php(48): CInlineAction->runWithParamsInternal()
#6 /home/yourstudioapp/public_html/protected/framework/web/CController.php(300): CInlineAction->runWithParams()
#7 /home/yourstudioapp/public_html/protected/framework/web/filters/CFilterChain.php(134): SettingsController->runAction()
#8 /home/yourstudioapp/public_html/protected/framework/web/filters/CFilter.php(41): CFilterChain->run()
#9 /home/yourstudioapp/public_html/protected/framework/web/CController.php(1144): CAccessControlFilter->filter()
#10 /home/yourstudioapp/public_html/protected/framework/web/filters/CInlineFilter.php(59): SettingsController->filterAccessControl()
#11 /home/yourstudioapp/public_html/protected/framework/web/filters/CFilterChain.php(131): CInlineFilter->filter()
#12 /home/yourstudioapp/public_html/protected/framework/web/CController.php(283): CFilterChain->run()
#13 /home/yourstudioapp/public_html/protected/framework/web/CController.php(257): SettingsController->runActionWithFilters()
#14 /home/yourstudioapp/public_html/protected/framework/web/CWebApplication.php(277): SettingsController->run()
#15 /home/yourstudioapp/public_html/protected/framework/web/CWebApplication.php(136): CWebApplication->runController()
#16 /home/yourstudioapp/public_html/protected/framework/base/CApplication.php(158): CWebApplication->processRequest()
#17 /home/yourstudioapp/public_html/index.php(13): CWebApplication->run()
REQUEST_URI=/yourstudioapp/admin/settings/group/general/
in /home/yourstudioapp/public_html/protected/modules/admin/views/settings/index.php (19)
in /home/yourstudioapp/public_html/protected/modules/admin/controllers/SettingsController.php (106)
in /home/yourstudioapp/public_html/index.php (13)
2011/12/07 12:07:33 [error] [php] Undefined variable: entry (/home/yourstudioapp/public_html/protected/modules/admin/views/settings/index.php:19)
Stack trace:
#0 /home/yourstudioapp/public_html/protected/framework/web/CController.php(866): SettingsController->renderFile()
#1 /home/yourstudioapp/public_html/protected/framework/web/CController.php(779): SettingsController->renderPartial()
#2 /home/yourstudioapp/public_html/protected/modules/admin/controllers/SettingsController.php(106): SettingsController->render()
#3 unknown(0): SettingsController->actionIndex()
#4 /home/yourstudioapp/public_html/protected/framework/web/actions/CAction.php(104): ReflectionMethod->invokeArgs()
#5 /home/yourstudioapp/public_html/protected/framework/web/actions/CInlineAction.php(48): CInlineAction->runWithParamsInternal()
#6 /home/yourstudioapp/public_html/protected/framework/web/CController.php(300): CInlineAction->runWithParams()
#7 /home/yourstudioapp/public_html/protected/framework/web/filters/CFilterChain.php(134): SettingsController->runAction()
#8 /home/yourstudioapp/public_html/protected/framework/web/filters/CFilter.php(41): CFilterChain->run()
#9 /home/yourstudioapp/public_html/protected/framework/web/CController.php(1144): CAccessControlFilter->filter()
#10 /home/yourstudioapp/public_html/protected/framework/web/filters/CInlineFilter.php(59): SettingsController->filterAccessControl()
#11 /home/yourstudioapp/public_html/protected/framework/web/filters/CFilterChain.php(131): CInlineFilter->filter()
#12 /home/yourstudioapp/public_html/protected/framework/web/CController.php(283): CFilterChain->run()
#13 /home/yourstudioapp/public_html/protected/framework/web/CController.php(257): SettingsController->runActionWithFilters()
#14 /home/yourstudioapp/public_html/protected/framework/web/CWebApplication.php(277): SettingsController->run()
#15 /home/yourstudioapp/public_html/protected/framework/web/CWebApplication.php(136): CWebApplication->runController()
#16 /home/yourstudioapp/public_html/protected/framework/base/CApplication.php(158): CWebApplication->processRequest()
#17 /home/yourstudioapp/public_html/index.php(13): CWebApplication->run()
REQUEST_URI=/yourstudioapp/admin/settings/group/maintenance/
in /home/yourstudioapp/public_html/protected/modules/admin/views/settings/index.php (19)
in /home/yourstudioapp/public_html/protected/modules/admin/controllers/SettingsController.php (106)
in /home/yourstudioapp/public_html/index.php (13)
2011/12/07 12:07:47 [error] [php] Undefined variable: entry (/home/yourstudioapp/public_html/protected/modules/admin/views/optionGroup/index.php:16)
Stack trace:
#0 /home/yourstudioapp/public_html/protected/framework/web/CController.php(866): OptionGroupController->renderFile()
#1 /home/yourstudioapp/public_html/protected/framework/web/CController.php(779): OptionGroupController->renderPartial()
#2 /home/yourstudioapp/public_html/protected/modules/admin/controllers/OptionGroupController.php(63): OptionGroupController->render()
#3 /home/yourstudioapp/public_html/protected/framework/web/actions/CInlineAction.php(50): OptionGroupController->actionIndex()
#4 /home/yourstudioapp/public_html/protected/framework/web/CController.php(300): CInlineAction->runWithParams()
#5 /home/yourstudioapp/public_html/protected/framework/web/filters/CFilterChain.php(134): OptionGroupController->runAction()
#6 /home/yourstudioapp/public_html/protected/framework/web/filters/CFilter.php(41): CFilterChain->run()
#7 /home/yourstudioapp/public_html/protected/framework/web/CController.php(1144): CAccessControlFilter->filter()
#8 /home/yourstudioapp/public_html/protected/framework/web/filters/CInlineFilter.php(59): OptionGroupController->filterAccessControl()
#9 /home/yourstudioapp/public_html/protected/framework/web/filters/CFilterChain.php(131): CInlineFilter->filter()
#10 /home/yourstudioapp/public_html/protected/framework/web/CController.php(283): CFilterChain->run()
#11 /home/yourstudioapp/public_html/protected/framework/web/CController.php(257): OptionGroupController->runActionWithFilters()
#12 /home/yourstudioapp/public_html/protected/framework/web/CWebApplication.php(277): OptionGroupController->run()
#13 /home/yourstudioapp/public_html/protected/framework/web/CWebApplication.php(136): CWebApplication->runController()
#14 /home/yourstudioapp/public_html/protected/framework/base/CApplication.php(158): CWebApplication->processRequest()
#15 /home/yourstudioapp/public_html/index.php(13): CWebApplication->run()
REQUEST_URI=/yourstudioapp/admin/optionGroup/
in /home/yourstudioapp/public_html/protected/modules/admin/views/optionGroup/index.php (16)
in /home/yourstudioapp/public_html/protected/modules/admin/controllers/OptionGroupController.php (63)
in /home/yourstudioapp/public_html/index.php (13)
2011/12/07 12:10:50 [error] [php] Undefined variable: entry (/home/yourstudioapp/public_html/protected/modules/admin/views/settings/index.php:19)
Stack trace:
#0 /home/yourstudioapp/public_html/protected/framework/web/CController.php(866): SettingsController->renderFile()
#1 /home/yourstudioapp/public_html/protected/framework/web/CController.php(779): SettingsController->renderPartial()
#2 /home/yourstudioapp/public_html/protected/modules/admin/controllers/SettingsController.php(106): SettingsController->render()
#3 unknown(0): SettingsController->actionIndex()
#4 /home/yourstudioapp/public_html/protected/framework/web/actions/CAction.php(104): ReflectionMethod->invokeArgs()
#5 /home/yourstudioapp/public_html/protected/framework/web/actions/CInlineAction.php(48): CInlineAction->runWithParamsInternal()
#6 /home/yourstudioapp/public_html/protected/framework/web/CController.php(300): CInlineAction->runWithParams()
#7 /home/yourstudioapp/public_html/protected/framework/web/filters/CFilterChain.php(134): SettingsController->runAction()
#8 /home/yourstudioapp/public_html/protected/framework/web/filters/CFilter.php(41): CFilterChain->run()
#9 /home/yourstudioapp/public_html/protected/framework/web/CController.php(1144): CAccessControlFilter->filter()
#10 /home/yourstudioapp/public_html/protected/framework/web/filters/CInlineFilter.php(59): SettingsController->filterAccessControl()
#11 /home/yourstudioapp/public_html/protected/framework/web/filters/CFilterChain.php(131): CInlineFilter->filter()
#12 /home/yourstudioapp/public_html/protected/framework/web/CController.php(283): CFilterChain->run()
#13 /home/yourstudioapp/public_html/protected/framework/web/CController.php(257): SettingsController->runActionWithFilters()
#14 /home/yourstudioapp/public_html/protected/framework/web/CWebApplication.php(277): SettingsController->run()
#15 /home/yourstudioapp/public_html/protected/framework/web/CWebApplication.php(136): CWebApplication->runController()
#16 /home/yourstudioapp/public_html/protected/framework/base/CApplication.php(158): CWebApplication->processRequest()
#17 /home/yourstudioapp/public_html/index.php(13): CWebApplication->run()
REQUEST_URI=/yourstudioapp/admin/settings/group/maintenance/
in /home/yourstudioapp/public_html/protected/modules/admin/views/settings/index.php (19)
in /home/yourstudioapp/public_html/protected/modules/admin/controllers/SettingsController.php (106)
in /home/yourstudioapp/public_html/index.php (13)
2011/12/07 12:17:42 [error] [php] Undefined variable: entry (/home/yourstudioapp/public_html/protected/modules/admin/views/settings/index.php:19)
Stack trace:
#0 /home/yourstudioapp/public_html/protected/framework/web/CController.php(866): SettingsController->renderFile()
#1 /home/yourstudioapp/public_html/protected/framework/web/CController.php(779): SettingsController->renderPartial()
#2 /home/yourstudioapp/public_html/protected/modules/admin/controllers/SettingsController.php(106): SettingsController->render()
#3 unknown(0): SettingsController->actionIndex()
#4 /home/yourstudioapp/public_html/protected/framework/web/actions/CAction.php(104): ReflectionMethod->invokeArgs()
#5 /home/yourstudioapp/public_html/protected/framework/web/actions/CInlineAction.php(48): CInlineAction->runWithParamsInternal()
#6 /home/yourstudioapp/public_html/protected/framework/web/CController.php(300): CInlineAction->runWithParams()
#7 /home/yourstudioapp/public_html/protected/framework/web/filters/CFilterChain.php(134): SettingsController->runAction()
#8 /home/yourstudioapp/public_html/protected/framework/web/filters/CFilter.php(41): CFilterChain->run()
#9 /home/yourstudioapp/public_html/protected/framework/web/CController.php(1144): CAccessControlFilter->filter()
#10 /home/yourstudioapp/public_html/protected/framework/web/filters/CInlineFilter.php(59): SettingsController->filterAccessControl()
#11 /home/yourstudioapp/public_html/protected/framework/web/filters/CFilterChain.php(131): CInlineFilter->filter()
#12 /home/yourstudioapp/public_html/protected/framework/web/CController.php(283): CFilterChain->run()
#13 /home/yourstudioapp/public_html/protected/framework/web/CController.php(257): SettingsController->runActionWithFilters()
#14 /home/yourstudioapp/public_html/protected/framework/web/CWebApplication.php(277): SettingsController->run()
#15 /home/yourstudioapp/public_html/protected/framework/web/CWebApplication.php(136): CWebApplication->runController()
#16 /home/yourstudioapp/public_html/protected/framework/base/CApplication.php(158): CWebApplication->processRequest()
#17 /home/yourstudioapp/public_html/index.php(13): CWebApplication->run()
REQUEST_URI=/yourstudioapp/admin/settings/group/maintenance/
in /home/yourstudioapp/public_html/protected/modules/admin/views/settings/index.php (19)
in /home/yourstudioapp/public_html/protected/modules/admin/controllers/SettingsController.php (106)
in /home/yourstudioapp/public_html/index.php (13)
2011/12/07 12:18:10 [error] [php] Undefined variable: entry (/home/yourstudioapp/public_html/protected/modules/admin/views/settings/index.php:19)
Stack trace:
#0 /home/yourstudioapp/public_html/protected/framework/web/CController.php(866): SettingsController->renderFile()
#1 /home/yourstudioapp/public_html/protected/framework/web/CController.php(779): SettingsController->renderPartial()
#2 /home/yourstudioapp/public_html/protected/modules/admin/controllers/SettingsController.php(106): SettingsController->render()
#3 unknown(0): SettingsController->actionIndex()
#4 /home/yourstudioapp/public_html/protected/framework/web/actions/CAction.php(104): ReflectionMethod->invokeArgs()
#5 /home/yourstudioapp/public_html/protected/framework/web/actions/CInlineAction.php(48): CInlineAction->runWithParamsInternal()
#6 /home/yourstudioapp/public_html/protected/framework/web/CController.php(300): CInlineAction->runWithParams()
#7 /home/yourstudioapp/public_html/protected/framework/web/filters/CFilterChain.php(134): SettingsController->runAction()
#8 /home/yourstudioapp/public_html/protected/framework/web/filters/CFilter.php(41): CFilterChain->run()
#9 /home/yourstudioapp/public_html/protected/framework/web/CController.php(1144): CAccessControlFilter->filter()
#10 /home/yourstudioapp/public_html/protected/framework/web/filters/CInlineFilter.php(59): SettingsController->filterAccessControl()
#11 /home/yourstudioapp/public_html/protected/framework/web/filters/CFilterChain.php(131): CInlineFilter->filter()
#12 /home/yourstudioapp/public_html/protected/framework/web/CController.php(283): CFilterChain->run()
#13 /home/yourstudioapp/public_html/protected/framework/web/CController.php(257): SettingsController->runActionWithFilters()
#14 /home/yourstudioapp/public_html/protected/framework/web/CWebApplication.php(277): SettingsController->run()
#15 /home/yourstudioapp/public_html/protected/framework/web/CWebApplication.php(136): CWebApplication->runController()
#16 /home/yourstudioapp/public_html/protected/framework/base/CApplication.php(158): CWebApplication->processRequest()
#17 /home/yourstudioapp/public_html/index.php(13): CWebApplication->run()
REQUEST_URI=/yourstudioapp/admin/settings/group/maintenance/
in /home/yourstudioapp/public_html/protected/modules/admin/views/settings/index.php (19)
in /home/yourstudioapp/public_html/protected/modules/admin/controllers/SettingsController.php (106)
in /home/yourstudioapp/public_html/index.php (13)
2011/12/07 12:19:11 [error] [php] Undefined variable: entry (/home/yourstudioapp/public_html/protected/modules/admin/views/settings/index.php:19)
Stack trace:
#0 /home/yourstudioapp/public_html/protected/framework/web/CController.php(866): SettingsController->renderFile()
#1 /home/yourstudioapp/public_html/protected/framework/web/CController.php(779): SettingsController->renderPartial()
#2 /home/yourstudioapp/public_html/protected/modules/admin/controllers/SettingsController.php(106): SettingsController->render()
#3 unknown(0): SettingsController->actionIndex()
#4 /home/yourstudioapp/public_html/protected/framework/web/actions/CAction.php(104): ReflectionMethod->invokeArgs()
#5 /home/yourstudioapp/public_html/protected/framework/web/actions/CInlineAction.php(48): CInlineAction->runWithParamsInternal()
#6 /home/yourstudioapp/public_html/protected/framework/web/CController.php(300): CInlineAction->runWithParams()
#7 /home/yourstudioapp/public_html/protected/framework/web/filters/CFilterChain.php(134): SettingsController->runAction()
#8 /home/yourstudioapp/public_html/protected/framework/web/filters/CFilter.php(41): CFilterChain->run()
#9 /home/yourstudioapp/public_html/protected/framework/web/CController.php(1144): CAccessControlFilter->filter()
#10 /home/yourstudioapp/public_html/protected/framework/web/filters/CInlineFilter.php(59): SettingsController->filterAccessControl()
#11 /home/yourstudioapp/public_html/protected/framework/web/filters/CFilterChain.php(131): CInlineFilter->filter()
#12 /home/yourstudioapp/public_html/protected/framework/web/CController.php(283): CFilterChain->run()
#13 /home/yourstudioapp/public_html/protected/framework/web/CController.php(257): SettingsController->runActionWithFilters()
#14 /home/yourstudioapp/public_html/protected/framework/web/CWebApplication.php(277): SettingsController->run()
#15 /home/yourstudioapp/public_html/protected/framework/web/CWebApplication.php(136): CWebApplication->runController()
#16 /home/yourstudioapp/public_html/protected/framework/base/CApplication.php(158): CWebApplication->processRequest()
#17 /home/yourstudioapp/public_html/index.php(13): CWebApplication->run()
REQUEST_URI=/yourstudioapp/admin/settings/group/maintenance/
in /home/yourstudioapp/public_html/protected/modules/admin/views/settings/index.php (19)
in /home/yourstudioapp/public_html/protected/modules/admin/controllers/SettingsController.php (106)
in /home/yourstudioapp/public_html/index.php (13)
2011/12/07 12:47:28 [error] [exception.CHttpException.404] exception 'CHttpException' with message 'Unable to resolve the request "api/device_id=31232&app_id=1".' in /home/yourstudioapp/public_html/protected/framework/web/CWebApplication.php:281
Stack trace:
#0 /home/yourstudioapp/public_html/protected/framework/web/CWebApplication.php(136): CWebApplication->runController('api/device_id=3...')
#1 /home/yourstudioapp/public_html/protected/framework/base/CApplication.php(158): CWebApplication->processRequest()
#2 /home/yourstudioapp/public_html/index.php(13): CApplication->run()
#3 {main} REQUEST_URI=/yourstudioapp/api/device_id=31232&app_id=1
2011/12/07 12:47:41 [error] [exception.CHttpException.404] exception 'CHttpException' with message 'Unable to resolve the request "api/device_id=31232&app_id=1".' in /home/yourstudioapp/public_html/protected/framework/web/CWebApplication.php:281
Stack trace:
#0 /home/yourstudioapp/public_html/protected/framework/web/CWebApplication.php(136): CWebApplication->runController('api/device_id=3...')
#1 /home/yourstudioapp/public_html/protected/framework/base/CApplication.php(158): CWebApplication->processRequest()
#2 /home/yourstudioapp/public_html/index.php(13): CApplication->run()
#3 {main} REQUEST_URI=/yourstudioapp/api/device_id=31232&app_id=1
2011/12/07 12:47:41 [error] [exception.CHttpException.404] exception 'CHttpException' with message 'Unable to resolve the request "resources/js/plugins.js".' in /home/yourstudioapp/public_html/protected/framework/web/CWebApplication.php:281
Stack trace:
#0 /home/yourstudioapp/public_html/protected/framework/web/CWebApplication.php(136): CWebApplication->runController('resources/js/pl...')
#1 /home/yourstudioapp/public_html/protected/framework/base/CApplication.php(158): CWebApplication->processRequest()
#2 /home/yourstudioapp/public_html/index.php(13): CApplication->run()
#3 {main} REQUEST_URI=/yourstudioapp/resources/js/plugins.js
2011/12/07 12:47:42 [error] [exception.CHttpException.404] exception 'CHttpException' with message 'Unable to resolve the request "resources/js/screen.js".' in /home/yourstudioapp/public_html/protected/framework/web/CWebApplication.php:281
Stack trace:
#0 /home/yourstudioapp/public_html/protected/framework/web/CWebApplication.php(136): CWebApplication->runController('resources/js/sc...')
#1 /home/yourstudioapp/public_html/protected/framework/base/CApplication.php(158): CWebApplication->processRequest()
#2 /home/yourstudioapp/public_html/index.php(13): CApplication->run()
#3 {main} REQUEST_URI=/yourstudioapp/resources/js/screen.js
2011/12/07 12:47:42 [error] [exception.CHttpException.404] exception 'CHttpException' with message 'Unable to resolve the request "resources/css/images/bg.png".' in /home/yourstudioapp/public_html/protected/framework/web/CWebApplication.php:281
Stack trace:
#0 /home/yourstudioapp/public_html/protected/framework/web/CWebApplication.php(136): CWebApplication->runController('resources/css/i...')
#1 /home/yourstudioapp/public_html/protected/framework/base/CApplication.php(158): CWebApplication->processRequest()
#2 /home/yourstudioapp/public_html/index.php(13): CApplication->run()
#3 {main} REQUEST_URI=/yourstudioapp/resources/css/images/bg.png
2011/12/07 12:47:49 [error] [exception.CHttpException.404] exception 'CHttpException' with message 'Unable to resolve the request "resources/js/plugins.js".' in /home/yourstudioapp/public_html/protected/framework/web/CWebApplication.php:281
Stack trace:
#0 /home/yourstudioapp/public_html/protected/framework/web/CWebApplication.php(136): CWebApplication->runController('resources/js/pl...')
#1 /home/yourstudioapp/public_html/protected/framework/base/CApplication.php(158): CWebApplication->processRequest()
#2 /home/yourstudioapp/public_html/index.php(13): CApplication->run()
#3 {main} REQUEST_URI=/yourstudioapp/resources/js/plugins.js
2011/12/07 12:47:49 [error] [exception.CHttpException.404] exception 'CHttpException' with message 'Unable to resolve the request "resources/js/screen.js".' in /home/yourstudioapp/public_html/protected/framework/web/CWebApplication.php:281
Stack trace:
#0 /home/yourstudioapp/public_html/protected/framework/web/CWebApplication.php(136): CWebApplication->runController('resources/js/sc...')
#1 /home/yourstudioapp/public_html/protected/framework/base/CApplication.php(158): CWebApplication->processRequest()
#2 /home/yourstudioapp/public_html/index.php(13): CApplication->run()
#3 {main} REQUEST_URI=/yourstudioapp/resources/js/screen.js
2011/12/07 12:47:49 [error] [exception.CHttpException.404] exception 'CHttpException' with message 'Unable to resolve the request "resources/css/images/bg.png".' in /home/yourstudioapp/public_html/protected/framework/web/CWebApplication.php:281
Stack trace:
#0 /home/yourstudioapp/public_html/protected/framework/web/CWebApplication.php(136): CWebApplication->runController('resources/css/i...')
#1 /home/yourstudioapp/public_html/protected/framework/base/CApplication.php(158): CWebApplication->processRequest()
#2 /home/yourstudioapp/public_html/index.php(13): CApplication->run()
#3 {main} REQUEST_URI=/yourstudioapp/resources/css/images/bg.png
